<?xml version="1.0" encoding="UTF-8"?>
<testng-results ignored="0" total="1" passed="1" failed="0" skipped="0">
  <reporter-output>
  </reporter-output>
  <suite started-at="2022-11-25T14:21:25 IST" name="Suite" finished-at="2022-11-25T14:22:22 IST" duration-ms="56506">
    <groups>
    </groups>
    <test started-at="2022-11-25T14:21:25 IST" name="Test" finished-at="2022-11-25T14:22:22 IST" duration-ms="56506">
      <class name="testcases.LoginTest">
        <test-method signature="TC001(java.lang.String)[pri:0, instance:testcases.LoginTest@1a451d4d]" started-at="2022-11-25T14:21:25 IST" name="TC001" finished-at="2022-11-25T14:22:22 IST" duration-ms="56403" status="PASS">
          <params>
            <param index="0">
              <value>
                <![CDATA[chrome]]>
              </value>
            </param>
          </params>
          <reporter-output>
          </reporter-output>
        </test-method> <!-- TC001 -->
      </class> <!-- testcases.LoginTest -->
    </test> <!-- Test -->
  </suite> <!-- Suite -->
</testng-results>
